2019-03-17 09:26:58,066 INFO [org.springframework.test.context.support.DefaultTestContextBootstrapper] - Loaded default TestExecutionListener class names from location [META-INF/spring.factories]: [org.springframework.test.context.web.ServletTestExecutionListener, org.springframework.test.context.support.DirtiesContextBeforeModesTestExecutionListener, org.springframework.test.context.support.DependencyInjectionTestExecutionListener, org.springframework.test.context.support.DirtiesContextTestExecutionListener, org.springframework.test.context.transaction.TransactionalTestExecutionListener, org.springframework.test.context.jdbc.SqlScriptsTestExecutionListener]
2019-03-17 09:26:58,149 INFO [org.springframework.test.context.support.DefaultTestContextBootstrapper] - Using TestExecutionListeners: [org.springframework.test.context.web.ServletTestExecutionListener@27efef64, org.springframework.test.context.support.DirtiesContextBeforeModesTestExecutionListener@6f7fd0e6, org.springframework.test.context.support.DependencyInjectionTestExecutionListener@47c62251, org.springframework.test.context.support.DirtiesContextTestExecutionListener@3e6fa38a, org.springframework.test.context.transaction.TransactionalTestExecutionListener@66a3ffec, org.springframework.test.context.jdbc.SqlScriptsTestExecutionListener@77caeb3e]
2019-03-17 09:26:58,382 INFO [org.springframework.beans.factory.xml.XmlBeanDefinitionReader] - Loading XML bean definitions from class path resource [spring-context.xml]
2019-03-17 09:26:58,870 INFO [org.springframework.beans.factory.xml.XmlBeanDefinitionReader] - Loading XML bean definitions from class path resource [spring-context-druid.xml]
2019-03-17 09:26:58,951 INFO [org.springframework.beans.factory.xml.XmlBeanDefinitionReader] - Loading XML bean definitions from class path resource [spring-context-mybatis.xml]
2019-03-17 09:26:59,018 INFO [org.springframework.context.support.GenericApplicationContext] - Refreshing org.springframework.context.support.GenericApplicationContext@4fe3c938: startup date [Sun Mar 17 09:26:58 CST 2019]; root of context hierarchy
2019-03-17 09:27:00,168 INFO [com.alibaba.druid.pool.DruidDataSource] - {dataSource-1} inited
2019-03-17 09:27:01,007 INFO [org.springframework.context.support.GenericApplicationContext] - Closing org.springframework.context.support.GenericApplicationContext@4fe3c938: startup date [Sun Mar 17 09:26:58 CST 2019]; root of context hierarchy
2019-03-17 09:27:01,010 INFO [com.alibaba.druid.pool.DruidDataSource] - {dataSource-1} closed
2019-03-17 09:30:27,589 INFO [org.springframework.test.context.support.DefaultTestContextBootstrapper] - Loaded default TestExecutionListener class names from location [META-INF/spring.factories]: [org.springframework.test.context.web.ServletTestExecutionListener, org.springframework.test.context.support.DirtiesContextBeforeModesTestExecutionListener, org.springframework.test.context.support.DependencyInjectionTestExecutionListener, org.springframework.test.context.support.DirtiesContextTestExecutionListener, org.springframework.test.context.transaction.TransactionalTestExecutionListener, org.springframework.test.context.jdbc.SqlScriptsTestExecutionListener]
2019-03-17 09:30:27,612 INFO [org.springframework.test.context.support.DefaultTestContextBootstrapper] - Using TestExecutionListeners: [org.springframework.test.context.web.ServletTestExecutionListener@27efef64, org.springframework.test.context.support.DirtiesContextBeforeModesTestExecutionListener@6f7fd0e6, org.springframework.test.context.support.DependencyInjectionTestExecutionListener@47c62251, org.springframework.test.context.support.DirtiesContextTestExecutionListener@3e6fa38a, org.springframework.test.context.transaction.TransactionalTestExecutionListener@66a3ffec, org.springframework.test.context.jdbc.SqlScriptsTestExecutionListener@77caeb3e]
2019-03-17 09:30:27,711 INFO [org.springframework.beans.factory.xml.XmlBeanDefinitionReader] - Loading XML bean definitions from class path resource [spring-context.xml]
2019-03-17 09:30:28,020 INFO [org.springframework.beans.factory.xml.XmlBeanDefinitionReader] - Loading XML bean definitions from class path resource [spring-context-druid.xml]
2019-03-17 09:30:28,066 INFO [org.springframework.beans.factory.xml.XmlBeanDefinitionReader] - Loading XML bean definitions from class path resource [spring-context-mybatis.xml]
2019-03-17 09:30:28,156 INFO [org.springframework.context.support.GenericApplicationContext] - Refreshing org.springframework.context.support.GenericApplicationContext@4fe3c938: startup date [Sun Mar 17 09:30:28 CST 2019]; root of context hierarchy
2019-03-17 09:30:29,883 INFO [com.alibaba.druid.pool.DruidDataSource] - {dataSource-1} inited
2019-03-17 09:30:30,506 INFO [org.springframework.context.support.GenericApplicationContext] - Closing org.springframework.context.support.GenericApplicationContext@4fe3c938: startup date [Sun Mar 17 09:30:28 CST 2019]; root of context hierarchy
2019-03-17 09:30:30,510 INFO [com.alibaba.druid.pool.DruidDataSource] - {dataSource-1} closed
2019-03-17 09:44:43,894 INFO [org.springframework.test.context.support.DefaultTestContextBootstrapper] - Loaded default TestExecutionListener class names from location [META-INF/spring.factories]: [org.springframework.test.context.web.ServletTestExecutionListener, org.springframework.test.context.support.DirtiesContextBeforeModesTestExecutionListener, org.springframework.test.context.support.DependencyInjectionTestExecutionListener, org.springframework.test.context.support.DirtiesContextTestExecutionListener, org.springframework.test.context.transaction.TransactionalTestExecutionListener, org.springframework.test.context.jdbc.SqlScriptsTestExecutionListener]
2019-03-17 09:44:43,917 INFO [org.springframework.test.context.support.DefaultTestContextBootstrapper] - Using TestExecutionListeners: [org.springframework.test.context.web.ServletTestExecutionListener@27efef64, org.springframework.test.context.support.DirtiesContextBeforeModesTestExecutionListener@6f7fd0e6, org.springframework.test.context.support.DependencyInjectionTestExecutionListener@47c62251, org.springframework.test.context.support.DirtiesContextTestExecutionListener@3e6fa38a, org.springframework.test.context.transaction.TransactionalTestExecutionListener@66a3ffec, org.springframework.test.context.jdbc.SqlScriptsTestExecutionListener@77caeb3e]
2019-03-17 09:44:44,017 INFO [org.springframework.beans.factory.xml.XmlBeanDefinitionReader] - Loading XML bean definitions from class path resource [spring-context.xml]
2019-03-17 09:44:44,371 INFO [org.springframework.beans.factory.xml.XmlBeanDefinitionReader] - Loading XML bean definitions from class path resource [spring-context-druid.xml]
2019-03-17 09:44:44,458 INFO [org.springframework.beans.factory.xml.XmlBeanDefinitionReader] - Loading XML bean definitions from class path resource [spring-context-mybatis.xml]
2019-03-17 09:44:44,483 INFO [org.springframework.context.support.GenericApplicationContext] - Refreshing org.springframework.context.support.GenericApplicationContext@4fe3c938: startup date [Sun Mar 17 09:44:44 CST 2019]; root of context hierarchy
2019-03-17 09:44:46,114 INFO [com.alibaba.druid.pool.DruidDataSource] - {dataSource-1} inited
2019-03-17 09:44:46,645 INFO [org.springframework.context.support.GenericApplicationContext] - Closing org.springframework.context.support.GenericApplicationContext@4fe3c938: startup date [Sun Mar 17 09:44:44 CST 2019]; root of context hierarchy
2019-03-17 09:44:46,657 INFO [com.alibaba.druid.pool.DruidDataSource] - {dataSource-1} closed
2019-03-17 09:54:20,923 INFO [org.springframework.test.context.support.DefaultTestContextBootstrapper] - Loaded default TestExecutionListener class names from location [META-INF/spring.factories]: [org.springframework.test.context.web.ServletTestExecutionListener, org.springframework.test.context.support.DirtiesContextBeforeModesTestExecutionListener, org.springframework.test.context.support.DependencyInjectionTestExecutionListener, org.springframework.test.context.support.DirtiesContextTestExecutionListener, org.springframework.test.context.transaction.TransactionalTestExecutionListener, org.springframework.test.context.jdbc.SqlScriptsTestExecutionListener]
2019-03-17 09:54:20,944 INFO [org.springframework.test.context.support.DefaultTestContextBootstrapper] - Using TestExecutionListeners: [org.springframework.test.context.web.ServletTestExecutionListener@27efef64, org.springframework.test.context.support.DirtiesContextBeforeModesTestExecutionListener@6f7fd0e6, org.springframework.test.context.support.DependencyInjectionTestExecutionListener@47c62251, org.springframework.test.context.support.DirtiesContextTestExecutionListener@3e6fa38a, org.springframework.test.context.transaction.TransactionalTestExecutionListener@66a3ffec, org.springframework.test.context.jdbc.SqlScriptsTestExecutionListener@77caeb3e]
2019-03-17 09:54:21,051 INFO [org.springframework.beans.factory.xml.XmlBeanDefinitionReader] - Loading XML bean definitions from class path resource [spring-context.xml]
2019-03-17 09:54:21,372 INFO [org.springframework.beans.factory.xml.XmlBeanDefinitionReader] - Loading XML bean definitions from class path resource [spring-context-druid.xml]
2019-03-17 09:54:21,431 INFO [org.springframework.beans.factory.xml.XmlBeanDefinitionReader] - Loading XML bean definitions from class path resource [spring-context-mybatis.xml]
2019-03-17 09:54:21,459 INFO [org.springframework.context.support.GenericApplicationContext] - Refreshing org.springframework.context.support.GenericApplicationContext@4fe3c938: startup date [Sun Mar 17 09:54:21 CST 2019]; root of context hierarchy
2019-03-17 09:54:22,901 INFO [com.alibaba.druid.pool.DruidDataSource] - {dataSource-1} inited
2019-03-17 09:54:23,565 INFO [org.springframework.beans.factory.xml.XmlBeanDefinitionReader] - Loading XML bean definitions from class path resource [org/springframework/jdbc/support/sql-error-codes.xml]
2019-03-17 09:54:23,607 INFO [org.springframework.jdbc.support.SQLErrorCodesFactory] - SQLErrorCodes loaded: [DB2, Derby, H2, HDB, HSQL, Informix, MS-SQL, MySQL, Oracle, PostgreSQL, Sybase]
2019-03-17 09:54:23,628 INFO [org.springframework.context.support.GenericApplicationContext] - Closing org.springframework.context.support.GenericApplicationContext@4fe3c938: startup date [Sun Mar 17 09:54:21 CST 2019]; root of context hierarchy
2019-03-17 09:54:23,635 INFO [com.alibaba.druid.pool.DruidDataSource] - {dataSource-1} closed
2019-03-17 09:57:11,958 INFO [org.springframework.test.context.support.DefaultTestContextBootstrapper] - Loaded default TestExecutionListener class names from location [META-INF/spring.factories]: [org.springframework.test.context.web.ServletTestExecutionListener, org.springframework.test.context.support.DirtiesContextBeforeModesTestExecutionListener, org.springframework.test.context.support.DependencyInjectionTestExecutionListener, org.springframework.test.context.support.DirtiesContextTestExecutionListener, org.springframework.test.context.transaction.TransactionalTestExecutionListener, org.springframework.test.context.jdbc.SqlScriptsTestExecutionListener]
2019-03-17 09:57:11,978 INFO [org.springframework.test.context.support.DefaultTestContextBootstrapper] - Using TestExecutionListeners: [org.springframework.test.context.web.ServletTestExecutionListener@27efef64, org.springframework.test.context.support.DirtiesContextBeforeModesTestExecutionListener@6f7fd0e6, org.springframework.test.context.support.DependencyInjectionTestExecutionListener@47c62251, org.springframework.test.context.support.DirtiesContextTestExecutionListener@3e6fa38a, org.springframework.test.context.transaction.TransactionalTestExecutionListener@66a3ffec, org.springframework.test.context.jdbc.SqlScriptsTestExecutionListener@77caeb3e]
2019-03-17 09:57:12,082 INFO [org.springframework.beans.factory.xml.XmlBeanDefinitionReader] - Loading XML bean definitions from class path resource [spring-context.xml]
2019-03-17 09:57:12,393 INFO [org.springframework.beans.factory.xml.XmlBeanDefinitionReader] - Loading XML bean definitions from class path resource [spring-context-druid.xml]
2019-03-17 09:57:12,435 INFO [org.springframework.beans.factory.xml.XmlBeanDefinitionReader] - Loading XML bean definitions from class path resource [spring-context-mybatis.xml]
2019-03-17 09:57:12,463 INFO [org.springframework.context.support.GenericApplicationContext] - Refreshing org.springframework.context.support.GenericApplicationContext@4fe3c938: startup date [Sun Mar 17 09:57:12 CST 2019]; root of context hierarchy
2019-03-17 09:57:13,823 INFO [com.alibaba.druid.pool.DruidDataSource] - {dataSource-1} inited
2019-03-17 09:57:14,390 INFO [org.springframework.beans.factory.xml.XmlBeanDefinitionReader] - Loading XML bean definitions from class path resource [org/springframework/jdbc/support/sql-error-codes.xml]
2019-03-17 09:57:14,424 INFO [org.springframework.jdbc.support.SQLErrorCodesFactory] - SQLErrorCodes loaded: [DB2, Derby, H2, HDB, HSQL, Informix, MS-SQL, MySQL, Oracle, PostgreSQL, Sybase]
2019-03-17 09:57:14,446 INFO [org.springframework.context.support.GenericApplicationContext] - Closing org.springframework.context.support.GenericApplicationContext@4fe3c938: startup date [Sun Mar 17 09:57:12 CST 2019]; root of context hierarchy
2019-03-17 09:57:14,451 INFO [com.alibaba.druid.pool.DruidDataSource] - {dataSource-1} closed
2019-03-17 10:04:59,856 INFO [org.springframework.test.context.support.DefaultTestContextBootstrapper] - Loaded default TestExecutionListener class names from location [META-INF/spring.factories]: [org.springframework.test.context.web.ServletTestExecutionListener, org.springframework.test.context.support.DirtiesContextBeforeModesTestExecutionListener, org.springframework.test.context.support.DependencyInjectionTestExecutionListener, org.springframework.test.context.support.DirtiesContextTestExecutionListener, org.springframework.test.context.transaction.TransactionalTestExecutionListener, org.springframework.test.context.jdbc.SqlScriptsTestExecutionListener]
2019-03-17 10:04:59,877 INFO [org.springframework.test.context.support.DefaultTestContextBootstrapper] - Using TestExecutionListeners: [org.springframework.test.context.web.ServletTestExecutionListener@27efef64, org.springframework.test.context.support.DirtiesContextBeforeModesTestExecutionListener@6f7fd0e6, org.springframework.test.context.support.DependencyInjectionTestExecutionListener@47c62251, org.springframework.test.context.support.DirtiesContextTestExecutionListener@3e6fa38a, org.springframework.test.context.transaction.TransactionalTestExecutionListener@66a3ffec, org.springframework.test.context.jdbc.SqlScriptsTestExecutionListener@77caeb3e]
2019-03-17 10:04:59,972 INFO [org.springframework.beans.factory.xml.XmlBeanDefinitionReader] - Loading XML bean definitions from class path resource [spring-context.xml]
2019-03-17 10:05:00,299 INFO [org.springframework.beans.factory.xml.XmlBeanDefinitionReader] - Loading XML bean definitions from class path resource [spring-context-druid.xml]
2019-03-17 10:05:00,357 INFO [org.springframework.beans.factory.xml.XmlBeanDefinitionReader] - Loading XML bean definitions from class path resource [spring-context-mybatis.xml]
2019-03-17 10:05:00,385 INFO [org.springframework.context.support.GenericApplicationContext] - Refreshing org.springframework.context.support.GenericApplicationContext@4fe3c938: startup date [Sun Mar 17 10:05:00 CST 2019]; root of context hierarchy
2019-03-17 10:05:01,932 INFO [com.alibaba.druid.pool.DruidDataSource] - {dataSource-1} inited
2019-03-17 10:05:02,509 INFO [org.springframework.beans.factory.xml.XmlBeanDefinitionReader] - Loading XML bean definitions from class path resource [org/springframework/jdbc/support/sql-error-codes.xml]
2019-03-17 10:05:02,551 INFO [org.springframework.jdbc.support.SQLErrorCodesFactory] - SQLErrorCodes loaded: [DB2, Derby, H2, HDB, HSQL, Informix, MS-SQL, MySQL, Oracle, PostgreSQL, Sybase]
2019-03-17 10:05:02,576 INFO [org.springframework.context.support.GenericApplicationContext] - Closing org.springframework.context.support.GenericApplicationContext@4fe3c938: startup date [Sun Mar 17 10:05:00 CST 2019]; root of context hierarchy
2019-03-17 10:05:02,581 INFO [com.alibaba.druid.pool.DruidDataSource] - {dataSource-1} closed
2019-03-17 10:06:04,348 INFO [org.springframework.test.context.support.DefaultTestContextBootstrapper] - Loaded default TestExecutionListener class names from location [META-INF/spring.factories]: [org.springframework.test.context.web.ServletTestExecutionListener, org.springframework.test.context.support.DirtiesContextBeforeModesTestExecutionListener, org.springframework.test.context.support.DependencyInjectionTestExecutionListener, org.springframework.test.context.support.DirtiesContextTestExecutionListener, org.springframework.test.context.transaction.TransactionalTestExecutionListener, org.springframework.test.context.jdbc.SqlScriptsTestExecutionListener]
2019-03-17 10:06:04,369 INFO [org.springframework.test.context.support.DefaultTestContextBootstrapper] - Using TestExecutionListeners: [org.springframework.test.context.web.ServletTestExecutionListener@27efef64, org.springframework.test.context.support.DirtiesContextBeforeModesTestExecutionListener@6f7fd0e6, org.springframework.test.context.support.DependencyInjectionTestExecutionListener@47c62251, org.springframework.test.context.support.DirtiesContextTestExecutionListener@3e6fa38a, org.springframework.test.context.transaction.TransactionalTestExecutionListener@66a3ffec, org.springframework.test.context.jdbc.SqlScriptsTestExecutionListener@77caeb3e]
2019-03-17 10:06:04,464 INFO [org.springframework.beans.factory.xml.XmlBeanDefinitionReader] - Loading XML bean definitions from class path resource [spring-context.xml]
2019-03-17 10:06:04,753 INFO [org.springframework.beans.factory.xml.XmlBeanDefinitionReader] - Loading XML bean definitions from class path resource [spring-context-druid.xml]
2019-03-17 10:06:04,806 INFO [org.springframework.beans.factory.xml.XmlBeanDefinitionReader] - Loading XML bean definitions from class path resource [spring-context-mybatis.xml]
2019-03-17 10:06:04,880 INFO [org.springframework.context.support.GenericApplicationContext] - Refreshing org.springframework.context.support.GenericApplicationContext@4fe3c938: startup date [Sun Mar 17 10:06:04 CST 2019]; root of context hierarchy
2019-03-17 10:06:06,352 INFO [com.alibaba.druid.pool.DruidDataSource] - {dataSource-1} inited
2019-03-17 10:06:06,783 INFO [org.springframework.beans.factory.xml.XmlBeanDefinitionReader] - Loading XML bean definitions from class path resource [org/springframework/jdbc/support/sql-error-codes.xml]
2019-03-17 10:06:06,819 INFO [org.springframework.jdbc.support.SQLErrorCodesFactory] - SQLErrorCodes loaded: [DB2, Derby, H2, HDB, HSQL, Informix, MS-SQL, MySQL, Oracle, PostgreSQL, Sybase]
2019-03-17 10:06:06,837 INFO [org.springframework.context.support.GenericApplicationContext] - Closing org.springframework.context.support.GenericApplicationContext@4fe3c938: startup date [Sun Mar 17 10:06:04 CST 2019]; root of context hierarchy
2019-03-17 10:06:06,842 INFO [com.alibaba.druid.pool.DruidDataSource] - {dataSource-1} closed
2019-03-17 10:09:01,980 INFO [org.springframework.test.context.support.DefaultTestContextBootstrapper] - Loaded default TestExecutionListener class names from location [META-INF/spring.factories]: [org.springframework.test.context.web.ServletTestExecutionListener, org.springframework.test.context.support.DirtiesContextBeforeModesTestExecutionListener, org.springframework.test.context.support.DependencyInjectionTestExecutionListener, org.springframework.test.context.support.DirtiesContextTestExecutionListener, org.springframework.test.context.transaction.TransactionalTestExecutionListener, org.springframework.test.context.jdbc.SqlScriptsTestExecutionListener]
2019-03-17 10:09:02,002 INFO [org.springframework.test.context.support.DefaultTestContextBootstrapper] - Using TestExecutionListeners: [org.springframework.test.context.web.ServletTestExecutionListener@27efef64, org.springframework.test.context.support.DirtiesContextBeforeModesTestExecutionListener@6f7fd0e6, org.springframework.test.context.support.DependencyInjectionTestExecutionListener@47c62251, org.springframework.test.context.support.DirtiesContextTestExecutionListener@3e6fa38a, org.springframework.test.context.transaction.TransactionalTestExecutionListener@66a3ffec, org.springframework.test.context.jdbc.SqlScriptsTestExecutionListener@77caeb3e]
2019-03-17 10:09:02,125 INFO [org.springframework.beans.factory.xml.XmlBeanDefinitionReader] - Loading XML bean definitions from class path resource [spring-context.xml]
2019-03-17 10:09:02,406 INFO [org.springframework.beans.factory.xml.XmlBeanDefinitionReader] - Loading XML bean definitions from class path resource [spring-context-druid.xml]
2019-03-17 10:09:02,474 INFO [org.springframework.beans.factory.xml.XmlBeanDefinitionReader] - Loading XML bean definitions from class path resource [spring-context-mybatis.xml]
2019-03-17 10:09:02,504 INFO [org.springframework.context.support.GenericApplicationContext] - Refreshing org.springframework.context.support.GenericApplicationContext@4fe3c938: startup date [Sun Mar 17 10:09:02 CST 2019]; root of context hierarchy
2019-03-17 10:09:04,051 INFO [com.alibaba.druid.pool.DruidDataSource] - {dataSource-1} inited
2019-03-17 10:09:04,454 INFO [org.springframework.beans.factory.xml.XmlBeanDefinitionReader] - Loading XML bean definitions from class path resource [org/springframework/jdbc/support/sql-error-codes.xml]
2019-03-17 10:09:04,490 INFO [org.springframework.jdbc.support.SQLErrorCodesFactory] - SQLErrorCodes loaded: [DB2, Derby, H2, HDB, HSQL, Informix, MS-SQL, MySQL, Oracle, PostgreSQL, Sybase]
2019-03-17 10:09:04,509 INFO [org.springframework.context.support.GenericApplicationContext] - Closing org.springframework.context.support.GenericApplicationContext@4fe3c938: startup date [Sun Mar 17 10:09:02 CST 2019]; root of context hierarchy
2019-03-17 10:09:04,513 INFO [com.alibaba.druid.pool.DruidDataSource] - {dataSource-1} closed
2019-03-17 10:10:21,558 INFO [org.springframework.test.context.support.DefaultTestContextBootstrapper] - Loaded default TestExecutionListener class names from location [META-INF/spring.factories]: [org.springframework.test.context.web.ServletTestExecutionListener, org.springframework.test.context.support.DirtiesContextBeforeModesTestExecutionListener, org.springframework.test.context.support.DependencyInjectionTestExecutionListener, org.springframework.test.context.support.DirtiesContextTestExecutionListener, org.springframework.test.context.transaction.TransactionalTestExecutionListener, org.springframework.test.context.jdbc.SqlScriptsTestExecutionListener]
2019-03-17 10:10:21,580 INFO [org.springframework.test.context.support.DefaultTestContextBootstrapper] - Using TestExecutionListeners: [org.springframework.test.context.web.ServletTestExecutionListener@27efef64, org.springframework.test.context.support.DirtiesContextBeforeModesTestExecutionListener@6f7fd0e6, org.springframework.test.context.support.DependencyInjectionTestExecutionListener@47c62251, org.springframework.test.context.support.DirtiesContextTestExecutionListener@3e6fa38a, org.springframework.test.context.transaction.TransactionalTestExecutionListener@66a3ffec, org.springframework.test.context.jdbc.SqlScriptsTestExecutionListener@77caeb3e]
2019-03-17 10:10:21,675 INFO [org.springframework.beans.factory.xml.XmlBeanDefinitionReader] - Loading XML bean definitions from class path resource [spring-context.xml]
2019-03-17 10:10:21,978 INFO [org.springframework.beans.factory.xml.XmlBeanDefinitionReader] - Loading XML bean definitions from class path resource [spring-context-druid.xml]
2019-03-17 10:10:22,042 INFO [org.springframework.beans.factory.xml.XmlBeanDefinitionReader] - Loading XML bean definitions from class path resource [spring-context-mybatis.xml]
2019-03-17 10:10:22,085 INFO [org.springframework.context.support.GenericApplicationContext] - Refreshing org.springframework.context.support.GenericApplicationContext@4fe3c938: startup date [Sun Mar 17 10:10:22 CST 2019]; root of context hierarchy
2019-03-17 10:10:23,490 INFO [com.alibaba.druid.pool.DruidDataSource] - {dataSource-1} inited
2019-03-17 10:10:24,320 INFO [org.springframework.context.support.GenericApplicationContext] - Closing org.springframework.context.support.GenericApplicationContext@4fe3c938: startup date [Sun Mar 17 10:10:22 CST 2019]; root of context hierarchy
2019-03-17 10:10:24,323 INFO [com.alibaba.druid.pool.DruidDataSource] - {dataSource-1} closed
2019-03-17 10:10:50,284 INFO [org.springframework.test.context.support.DefaultTestContextBootstrapper] - Loaded default TestExecutionListener class names from location [META-INF/spring.factories]: [org.springframework.test.context.web.ServletTestExecutionListener, org.springframework.test.context.support.DirtiesContextBeforeModesTestExecutionListener, org.springframework.test.context.support.DependencyInjectionTestExecutionListener, org.springframework.test.context.support.DirtiesContextTestExecutionListener, org.springframework.test.context.transaction.TransactionalTestExecutionListener, org.springframework.test.context.jdbc.SqlScriptsTestExecutionListener]
2019-03-17 10:10:50,305 INFO [org.springframework.test.context.support.DefaultTestContextBootstrapper] - Using TestExecutionListeners: [org.springframework.test.context.web.ServletTestExecutionListener@27efef64, org.springframework.test.context.support.DirtiesContextBeforeModesTestExecutionListener@6f7fd0e6, org.springframework.test.context.support.DependencyInjectionTestExecutionListener@47c62251, org.springframework.test.context.support.DirtiesContextTestExecutionListener@3e6fa38a, org.springframework.test.context.transaction.TransactionalTestExecutionListener@66a3ffec, org.springframework.test.context.jdbc.SqlScriptsTestExecutionListener@77caeb3e]
2019-03-17 10:10:50,402 INFO [org.springframework.beans.factory.xml.XmlBeanDefinitionReader] - Loading XML bean definitions from class path resource [spring-context.xml]
2019-03-17 10:10:50,738 INFO [org.springframework.beans.factory.xml.XmlBeanDefinitionReader] - Loading XML bean definitions from class path resource [spring-context-druid.xml]
2019-03-17 10:10:50,806 INFO [org.springframework.beans.factory.xml.XmlBeanDefinitionReader] - Loading XML bean definitions from class path resource [spring-context-mybatis.xml]
2019-03-17 10:10:50,840 INFO [org.springframework.context.support.GenericApplicationContext] - Refreshing org.springframework.context.support.GenericApplicationContext@4fe3c938: startup date [Sun Mar 17 10:10:50 CST 2019]; root of context hierarchy
2019-03-17 10:10:52,640 INFO [com.alibaba.druid.pool.DruidDataSource] - {dataSource-1} inited
2019-03-17 10:10:53,083 INFO [org.springframework.beans.factory.xml.XmlBeanDefinitionReader] - Loading XML bean definitions from class path resource [org/springframework/jdbc/support/sql-error-codes.xml]
2019-03-17 10:10:53,111 INFO [org.springframework.jdbc.support.SQLErrorCodesFactory] - SQLErrorCodes loaded: [DB2, Derby, H2, HDB, HSQL, Informix, MS-SQL, MySQL, Oracle, PostgreSQL, Sybase]
2019-03-17 10:10:53,140 INFO [org.springframework.context.support.GenericApplicationContext] - Closing org.springframework.context.support.GenericApplicationContext@4fe3c938: startup date [Sun Mar 17 10:10:50 CST 2019]; root of context hierarchy
2019-03-17 10:10:53,144 INFO [com.alibaba.druid.pool.DruidDataSource] - {dataSource-1} closed
2019-03-17 10:16:47,921 INFO [org.springframework.test.context.support.DefaultTestContextBootstrapper] - Loaded default TestExecutionListener class names from location [META-INF/spring.factories]: [org.springframework.test.context.web.ServletTestExecutionListener, org.springframework.test.context.support.DirtiesContextBeforeModesTestExecutionListener, org.springframework.test.context.support.DependencyInjectionTestExecutionListener, org.springframework.test.context.support.DirtiesContextTestExecutionListener, org.springframework.test.context.transaction.TransactionalTestExecutionListener, org.springframework.test.context.jdbc.SqlScriptsTestExecutionListener]
2019-03-17 10:16:47,941 INFO [org.springframework.test.context.support.DefaultTestContextBootstrapper] - Using TestExecutionListeners: [org.springframework.test.context.web.ServletTestExecutionListener@27efef64, org.springframework.test.context.support.DirtiesContextBeforeModesTestExecutionListener@6f7fd0e6, org.springframework.test.context.support.DependencyInjectionTestExecutionListener@47c62251, org.springframework.test.context.support.DirtiesContextTestExecutionListener@3e6fa38a, org.springframework.test.context.transaction.TransactionalTestExecutionListener@66a3ffec, org.springframework.test.context.jdbc.SqlScriptsTestExecutionListener@77caeb3e]
2019-03-17 10:16:48,039 INFO [org.springframework.beans.factory.xml.XmlBeanDefinitionReader] - Loading XML bean definitions from class path resource [spring-context.xml]
2019-03-17 10:16:48,348 INFO [org.springframework.beans.factory.xml.XmlBeanDefinitionReader] - Loading XML bean definitions from class path resource [spring-context-druid.xml]
2019-03-17 10:16:48,410 INFO [org.springframework.beans.factory.xml.XmlBeanDefinitionReader] - Loading XML bean definitions from class path resource [spring-context-mybatis.xml]
2019-03-17 10:16:48,435 INFO [org.springframework.context.support.GenericApplicationContext] - Refreshing org.springframework.context.support.GenericApplicationContext@4fe3c938: startup date [Sun Mar 17 10:16:48 CST 2019]; root of context hierarchy
2019-03-17 10:16:49,927 INFO [com.alibaba.druid.pool.DruidDataSource] - {dataSource-1} inited
2019-03-17 10:16:50,371 INFO [org.springframework.context.support.GenericApplicationContext] - Closing org.springframework.context.support.GenericApplicationContext@4fe3c938: startup date [Sun Mar 17 10:16:48 CST 2019]; root of context hierarchy
2019-03-17 10:16:50,375 INFO [com.alibaba.druid.pool.DruidDataSource] - {dataSource-1} closed
2019-03-17 10:22:30,286 INFO [org.springframework.test.context.support.DefaultTestContextBootstrapper] - Loaded default TestExecutionListener class names from location [META-INF/spring.factories]: [org.springframework.test.context.web.ServletTestExecutionListener, org.springframework.test.context.support.DirtiesContextBeforeModesTestExecutionListener, org.springframework.test.context.support.DependencyInjectionTestExecutionListener, org.springframework.test.context.support.DirtiesContextTestExecutionListener, org.springframework.test.context.transaction.TransactionalTestExecutionListener, org.springframework.test.context.jdbc.SqlScriptsTestExecutionListener]
2019-03-17 10:22:30,311 INFO [org.springframework.test.context.support.DefaultTestContextBootstrapper] - Using TestExecutionListeners: [org.springframework.test.context.web.ServletTestExecutionListener@27efef64, org.springframework.test.context.support.DirtiesContextBeforeModesTestExecutionListener@6f7fd0e6, org.springframework.test.context.support.DependencyInjectionTestExecutionListener@47c62251, org.springframework.test.context.support.DirtiesContextTestExecutionListener@3e6fa38a, org.springframework.test.context.transaction.TransactionalTestExecutionListener@66a3ffec, org.springframework.test.context.jdbc.SqlScriptsTestExecutionListener@77caeb3e]
2019-03-17 10:22:30,408 INFO [org.springframework.beans.factory.xml.XmlBeanDefinitionReader] - Loading XML bean definitions from class path resource [spring-context.xml]
2019-03-17 10:22:30,782 INFO [org.springframework.beans.factory.xml.XmlBeanDefinitionReader] - Loading XML bean definitions from class path resource [spring-context-druid.xml]
2019-03-17 10:22:30,834 INFO [org.springframework.beans.factory.xml.XmlBeanDefinitionReader] - Loading XML bean definitions from class path resource [spring-context-mybatis.xml]
2019-03-17 10:22:30,870 INFO [org.springframework.context.support.GenericApplicationContext] - Refreshing org.springframework.context.support.GenericApplicationContext@4fe3c938: startup date [Sun Mar 17 10:22:30 CST 2019]; root of context hierarchy
2019-03-17 10:22:32,361 INFO [com.alibaba.druid.pool.DruidDataSource] - {dataSource-1} inited
2019-03-17 10:22:33,015 INFO [org.springframework.context.support.GenericApplicationContext] - Closing org.springframework.context.support.GenericApplicationContext@4fe3c938: startup date [Sun Mar 17 10:22:30 CST 2019]; root of context hierarchy
2019-03-17 10:22:33,019 INFO [com.alibaba.druid.pool.DruidDataSource] - {dataSource-1} closed
2019-03-17 10:31:45,083 INFO [org.springframework.test.context.support.DefaultTestContextBootstrapper] - Loaded default TestExecutionListener class names from location [META-INF/spring.factories]: [org.springframework.test.context.web.ServletTestExecutionListener, org.springframework.test.context.support.DirtiesContextBeforeModesTestExecutionListener, org.springframework.test.context.support.DependencyInjectionTestExecutionListener, org.springframework.test.context.support.DirtiesContextTestExecutionListener, org.springframework.test.context.transaction.TransactionalTestExecutionListener, org.springframework.test.context.jdbc.SqlScriptsTestExecutionListener]
2019-03-17 10:31:45,104 INFO [org.springframework.test.context.support.DefaultTestContextBootstrapper] - Using TestExecutionListeners: [org.springframework.test.context.web.ServletTestExecutionListener@27efef64, org.springframework.test.context.support.DirtiesContextBeforeModesTestExecutionListener@6f7fd0e6, org.springframework.test.context.support.DependencyInjectionTestExecutionListener@47c62251, org.springframework.test.context.support.DirtiesContextTestExecutionListener@3e6fa38a, org.springframework.test.context.transaction.TransactionalTestExecutionListener@66a3ffec, org.springframework.test.context.jdbc.SqlScriptsTestExecutionListener@77caeb3e]
2019-03-17 10:31:45,209 INFO [org.springframework.beans.factory.xml.XmlBeanDefinitionReader] - Loading XML bean definitions from class path resource [spring-context.xml]
2019-03-17 10:31:45,542 INFO [org.springframework.beans.factory.xml.XmlBeanDefinitionReader] - Loading XML bean definitions from class path resource [spring-context-druid.xml]
2019-03-17 10:31:45,600 INFO [org.springframework.beans.factory.xml.XmlBeanDefinitionReader] - Loading XML bean definitions from class path resource [spring-context-mybatis.xml]
2019-03-17 10:31:45,664 INFO [org.springframework.context.support.GenericApplicationContext] - Refreshing org.springframework.context.support.GenericApplicationContext@4fe3c938: startup date [Sun Mar 17 10:31:45 CST 2019]; root of context hierarchy
2019-03-17 10:31:47,222 INFO [com.alibaba.druid.pool.DruidDataSource] - {dataSource-1} inited
2019-03-17 10:31:47,768 INFO [org.springframework.context.support.GenericApplicationContext] - Closing org.springframework.context.support.GenericApplicationContext@4fe3c938: startup date [Sun Mar 17 10:31:45 CST 2019]; root of context hierarchy
2019-03-17 10:31:47,789 INFO [com.alibaba.druid.pool.DruidDataSource] - {dataSource-1} closed
2019-03-17 10:46:56,324 INFO [org.springframework.test.context.support.DefaultTestContextBootstrapper] - Loaded default TestExecutionListener class names from location [META-INF/spring.factories]: [org.springframework.test.context.web.ServletTestExecutionListener, org.springframework.test.context.support.DirtiesContextBeforeModesTestExecutionListener, org.springframework.test.context.support.DependencyInjectionTestExecutionListener, org.springframework.test.context.support.DirtiesContextTestExecutionListener, org.springframework.test.context.transaction.TransactionalTestExecutionListener, org.springframework.test.context.jdbc.SqlScriptsTestExecutionListener]
2019-03-17 10:46:56,343 INFO [org.springframework.test.context.support.DefaultTestContextBootstrapper] - Using TestExecutionListeners: [org.springframework.test.context.web.ServletTestExecutionListener@27efef64, org.springframework.test.context.support.DirtiesContextBeforeModesTestExecutionListener@6f7fd0e6, org.springframework.test.context.support.DependencyInjectionTestExecutionListener@47c62251, org.springframework.test.context.support.DirtiesContextTestExecutionListener@3e6fa38a, org.springframework.test.context.transaction.TransactionalTestExecutionListener@66a3ffec, org.springframework.test.context.jdbc.SqlScriptsTestExecutionListener@77caeb3e]
2019-03-17 10:46:56,456 INFO [org.springframework.beans.factory.xml.XmlBeanDefinitionReader] - Loading XML bean definitions from class path resource [spring-context.xml]
2019-03-17 10:46:56,800 INFO [org.springframework.beans.factory.xml.XmlBeanDefinitionReader] - Loading XML bean definitions from class path resource [spring-context-druid.xml]
2019-03-17 10:46:56,883 INFO [org.springframework.beans.factory.xml.XmlBeanDefinitionReader] - Loading XML bean definitions from class path resource [spring-context-mybatis.xml]
2019-03-17 10:46:56,914 INFO [org.springframework.context.support.GenericApplicationContext] - Refreshing org.springframework.context.support.GenericApplicationContext@4fe3c938: startup date [Sun Mar 17 10:46:56 CST 2019]; root of context hierarchy
2019-03-17 10:46:58,470 INFO [com.alibaba.druid.pool.DruidDataSource] - {dataSource-1} inited
2019-03-17 10:46:58,879 INFO [org.springframework.context.support.GenericApplicationContext] - Closing org.springframework.context.support.GenericApplicationContext@4fe3c938: startup date [Sun Mar 17 10:46:56 CST 2019]; root of context hierarchy
2019-03-17 10:46:58,883 INFO [com.alibaba.druid.pool.DruidDataSource] - {dataSource-1} closed
2019-03-17 14:15:36,710 INFO [org.springframework.test.context.support.DefaultTestContextBootstrapper] - Loaded default TestExecutionListener class names from location [META-INF/spring.factories]: [org.springframework.test.context.web.ServletTestExecutionListener, org.springframework.test.context.support.DirtiesContextBeforeModesTestExecutionListener, org.springframework.test.context.support.DependencyInjectionTestExecutionListener, org.springframework.test.context.support.DirtiesContextTestExecutionListener, org.springframework.test.context.transaction.TransactionalTestExecutionListener, org.springframework.test.context.jdbc.SqlScriptsTestExecutionListener]
2019-03-17 14:15:36,729 INFO [org.springframework.test.context.support.DefaultTestContextBootstrapper] - Using TestExecutionListeners: [org.springframework.test.context.web.ServletTestExecutionListener@27efef64, org.springframework.test.context.support.DirtiesContextBeforeModesTestExecutionListener@6f7fd0e6, org.springframework.test.context.support.DependencyInjectionTestExecutionListener@47c62251, org.springframework.test.context.support.DirtiesContextTestExecutionListener@3e6fa38a, org.springframework.test.context.transaction.TransactionalTestExecutionListener@66a3ffec, org.springframework.test.context.jdbc.SqlScriptsTestExecutionListener@77caeb3e]
2019-03-17 14:16:17,741 INFO [org.springframework.test.context.support.DefaultTestContextBootstrapper] - Loaded default TestExecutionListener class names from location [META-INF/spring.factories]: [org.springframework.test.context.web.ServletTestExecutionListener, org.springframework.test.context.support.DirtiesContextBeforeModesTestExecutionListener, org.springframework.test.context.support.DependencyInjectionTestExecutionListener, org.springframework.test.context.support.DirtiesContextTestExecutionListener, org.springframework.test.context.transaction.TransactionalTestExecutionListener, org.springframework.test.context.jdbc.SqlScriptsTestExecutionListener]
2019-03-17 14:16:17,762 INFO [org.springframework.test.context.support.DefaultTestContextBootstrapper] - Using TestExecutionListeners: [org.springframework.test.context.web.ServletTestExecutionListener@27efef64, org.springframework.test.context.support.DirtiesContextBeforeModesTestExecutionListener@6f7fd0e6, org.springframework.test.context.support.DependencyInjectionTestExecutionListener@47c62251, org.springframework.test.context.support.DirtiesContextTestExecutionListener@3e6fa38a, org.springframework.test.context.transaction.TransactionalTestExecutionListener@66a3ffec, org.springframework.test.context.jdbc.SqlScriptsTestExecutionListener@77caeb3e]
2019-03-17 14:16:17,869 INFO [org.springframework.beans.factory.xml.XmlBeanDefinitionReader] - Loading XML bean definitions from class path resource [spring-context.xml]
2019-03-17 14:16:18,175 INFO [org.springframework.beans.factory.xml.XmlBeanDefinitionReader] - Loading XML bean definitions from class path resource [spring-context-druid.xml]
2019-03-17 14:16:18,226 INFO [org.springframework.beans.factory.xml.XmlBeanDefinitionReader] - Loading XML bean definitions from class path resource [spring-context-mybatis.xml]
2019-03-17 14:16:18,293 INFO [org.springframework.context.support.GenericApplicationContext] - Refreshing org.springframework.context.support.GenericApplicationContext@4fe3c938: startup date [Sun Mar 17 14:16:18 CST 2019]; root of context hierarchy
2019-03-17 14:16:19,906 INFO [com.alibaba.druid.pool.DruidDataSource] - {dataSource-1} inited
2019-03-17 14:16:20,238 INFO [org.springframework.context.support.GenericApplicationContext] - Closing org.springframework.context.support.GenericApplicationContext@4fe3c938: startup date [Sun Mar 17 14:16:18 CST 2019]; root of context hierarchy
2019-03-17 14:16:20,242 INFO [com.alibaba.druid.pool.DruidDataSource] - {dataSource-1} closed
